app/build/intermediates/manifest_merge_blame_file/debug/manifest-merger-blame-debug-report.txt
1<?xml version="1.0" encoding="utf-8"?>
2<manifest xmlns:android="http://schemas.android.com/apk/res/android"
3    package="de.ihrprof.quizapp"
4    android:versionCode="1"
5    android:versionName="1.0" >
6
7    <uses-sdk
7-->src\main\AndroidManifest.xml:7:5-8:41
8        android:minSdkVersion="15"
8-->src\main\AndroidManifest.xml:7:5-8:41
9        android:targetSdkVersion="24" />
9-->src\main\AndroidManifest.xml:8:9-38
10
11    <uses-permission android:name="android.permission.WRITE_EXTERNAL_STORAGE" />
12    <uses-permission android:name="android.permission.READ_PHONE_STATE" />
13    <uses-permission android:name="android.permission.READ_EXTERNAL_STORAGE" />
14
15    <application
15-->src\main\AndroidManifest.xml:14:5-60:19
16        android:allowBackup="true"
16-->src\main\AndroidManifest.xml:15:9-35
17        android:debuggable="true"
18        android:icon="@drawable/ic_launcher"
18-->src\main\AndroidManifest.xml:16:9-45
19        android:label="@string/app_name"
19-->src\main\AndroidManifest.xml:17:9-41
20        android:testOnly="true"
21        android:theme="@style/AppTheme" >
21-->src\main\AndroidManifest.xml:18:9-40
22        <activity
22-->src\main\AndroidManifest.xml:19:9-27:20
23            android:name="de.ihrprof.quizapp.StartActivity"
23-->src\main\AndroidManifest.xml:20:13-42
24            android:label="@string/app_name" >
24-->src\main\AndroidManifest.xml:21:13-45
25            <intent-filter>
25-->src\main\AndroidManifest.xml:22:13-26:29
26                <action android:name="android.intent.action.MAIN" />
26-->src\main\AndroidManifest.xml:23:17-69
26-->src\main\AndroidManifest.xml:23:25-66
27
28                <category android:name="android.intent.category.LAUNCHER" />
28-->src\main\AndroidManifest.xml:25:17-77
28-->src\main\AndroidManifest.xml:25:27-74
29            </intent-filter>
30        </activity>
31        <activity
31-->src\main\AndroidManifest.xml:28:9-30:66
32            android:name="de.ihrprof.quizapp.Q1Activity"
32-->src\main\AndroidManifest.xml:29:13-39
33            android:label="@string/title_activity_q1" />
33-->src\main\AndroidManifest.xml:30:13-54
34        <activity
34-->src\main\AndroidManifest.xml:31:9-33:72
35            android:name="de.ihrprof.quizapp.FeedbackActivity"
35-->src\main\AndroidManifest.xml:32:13-45
36            android:label="@string/title_activity_feedback" />
36-->src\main\AndroidManifest.xml:33:13-60
37        <activity
37-->src\main\AndroidManifest.xml:34:9-36:66
38            android:name="de.ihrprof.quizapp.Q2Activity"
38-->src\main\AndroidManifest.xml:35:13-39
39            android:label="@string/title_activity_q2" />
39-->src\main\AndroidManifest.xml:36:13-54
40        <activity
40-->src\main\AndroidManifest.xml:37:9-39:66
41            android:name="de.ihrprof.quizapp.Q3Activity"
41-->src\main\AndroidManifest.xml:38:13-39
42            android:label="@string/title_activity_q3" />
42-->src\main\AndroidManifest.xml:39:13-54
43        <activity
43-->src\main\AndroidManifest.xml:40:9-42:66
44            android:name="de.ihrprof.quizapp.Q4Activity"
44-->src\main\AndroidManifest.xml:41:13-39
45            android:label="@string/title_activity_q4" />
45-->src\main\AndroidManifest.xml:42:13-54
46        <activity
46-->src\main\AndroidManifest.xml:43:9-45:66
47            android:name="de.ihrprof.quizapp.Q5Activity"
47-->src\main\AndroidManifest.xml:44:13-39
48            android:label="@string/title_activity_q5" />
48-->src\main\AndroidManifest.xml:45:13-54
49        <activity
49-->src\main\AndroidManifest.xml:46:9-48:66
50            android:name="de.ihrprof.quizapp.Q6Activity"
50-->src\main\AndroidManifest.xml:47:13-39
51            android:label="@string/title_activity_q6" />
51-->src\main\AndroidManifest.xml:48:13-54
52        <activity
52-->src\main\AndroidManifest.xml:49:9-51:69
53            android:name="de.ihrprof.quizapp.ListViewActivity"
53-->src\main\AndroidManifest.xml:50:13-45
54            android:label="@string/title_activity_about" />
54-->src\main\AndroidManifest.xml:51:13-57
55        <activity
55-->src\main\AndroidManifest.xml:52:9-55:68
56            android:name="de.ihrprof.quizapp.AboutActivity"
56-->src\main\AndroidManifest.xml:53:13-42
57            android:label="@string/title_activity_about"
57-->src\main\AndroidManifest.xml:54:13-57
58            android:theme="@android:style/Theme.Dialog" />
58-->src\main\AndroidManifest.xml:55:13-56
59        <activity
59-->src\main\AndroidManifest.xml:56:9-58:72
60            android:name="de.ihrprof.quizapp.SettingsActivity"
60-->src\main\AndroidManifest.xml:57:13-45
61            android:label="@string/title_activity_settings" />
61-->src\main\AndroidManifest.xml:58:13-60
62        <activity android:name="de.ihrprof.quizapp.UsageActivity" />
62-->src\main\AndroidManifest.xml:59:9-60
62-->src\main\AndroidManifest.xml:59:19-48
63    </application>
64
65</manifest>